<?xml version="1.0" encoding="UTF-8"?>
<testsuites>
  <testsuite name="fastlane.lanes">
    
    
    
      
      <testcase classname="fastlane.lanes" name="0: default_platform" time="0.000179">
        
      </testcase>
    
      
      <testcase classname="fastlane.lanes" name="1: google_play_track_version_codes" time="2.714114">
        
      </testcase>
    
      
      <testcase classname="fastlane.lanes" name="2: clean bundleRelease" time="98.967709">
        
          <failure message="/opt/homebrew/Cellar/fastlane/2.205.2/libexec/gems/fastlane-2.205.2/fastlane/lib/fastlane/actions/actions_helper.rb:67:in `execute_action&apos;&#10;/opt/homebrew/Cellar/fastlane/2.205.2/libexec/gems/fastlane-2.205.2/fastlane/lib/fastlane/runner.rb:255:in `block in execute_action&apos;&#10;/opt/homebrew/Cellar/fastlane/2.205.2/libexec/gems/fastlane-2.205.2/fastlane/lib/fastlane/runner.rb:229:in `chdir&apos;&#10;/opt/homebrew/Cellar/fastlane/2.205.2/libexec/gems/fastlane-2.205.2/fastlane/lib/fastlane/runner.rb:229:in `execute_action&apos;&#10;/opt/homebrew/Cellar/fastlane/2.205.2/libexec/gems/fastlane-2.205.2/fastlane/lib/fastlane/runner.rb:157:in `trigger_action_by_name&apos;&#10;/opt/homebrew/Cellar/fastlane/2.205.2/libexec/gems/fastlane-2.205.2/fastlane/lib/fastlane/fast_file.rb:159:in `method_missing&apos;&#10;Fastfile:9:in `block (2 levels) in parsing_binding&apos;&#10;/opt/homebrew/Cellar/fastlane/2.205.2/libexec/gems/fastlane-2.205.2/fastlane/lib/fastlane/lane.rb:33:in `call&apos;&#10;/opt/homebrew/Cellar/fastlane/2.205.2/libexec/gems/fastlane-2.205.2/fastlane/lib/fastlane/runner.rb:49:in `block in execute&apos;&#10;/opt/homebrew/Cellar/fastlane/2.205.2/libexec/gems/fastlane-2.205.2/fastlane/lib/fastlane/runner.rb:45:in `chdir&apos;&#10;/opt/homebrew/Cellar/fastlane/2.205.2/libexec/gems/fastlane-2.205.2/fastlane/lib/fastlane/runner.rb:45:in `execute&apos;&#10;/opt/homebrew/Cellar/fastlane/2.205.2/libexec/gems/fastlane-2.205.2/fastlane/lib/fastlane/lane_manager.rb:47:in `cruise_lane&apos;&#10;/opt/homebrew/Cellar/fastlane/2.205.2/libexec/gems/fastlane-2.205.2/fastlane/lib/fastlane/command_line_handler.rb:36:in `handle&apos;&#10;/opt/homebrew/Cellar/fastlane/2.205.2/libexec/gems/fastlane-2.205.2/fastlane/lib/fastlane/commands_generator.rb:110:in `block (2 levels) in run&apos;&#10;/opt/homebrew/Cellar/fastlane/2.205.2/libexec/gems/commander-4.6.0/lib/commander/command.rb:187:in `call&apos;&#10;/opt/homebrew/Cellar/fastlane/2.205.2/libexec/gems/commander-4.6.0/lib/commander/command.rb:157:in `run&apos;&#10;/opt/homebrew/Cellar/fastlane/2.205.2/libexec/gems/commander-4.6.0/lib/commander/runner.rb:444:in `run_active_command&apos;&#10;/opt/homebrew/Cellar/fastlane/2.205.2/libexec/gems/fastlane-2.205.2/fastlane_core/lib/fastlane_core/ui/fastlane_runner.rb:124:in `run!&apos;&#10;/opt/homebrew/Cellar/fastlane/2.205.2/libexec/gems/commander-4.6.0/lib/commander/delegates.rb:18:in `run!&apos;&#10;/opt/homebrew/Cellar/fastlane/2.205.2/libexec/gems/fastlane-2.205.2/fastlane/lib/fastlane/commands_generator.rb:354:in `run&apos;&#10;/opt/homebrew/Cellar/fastlane/2.205.2/libexec/gems/fastlane-2.205.2/fastlane/lib/fastlane/commands_generator.rb:43:in `start&apos;&#10;/opt/homebrew/Cellar/fastlane/2.205.2/libexec/gems/fastlane-2.205.2/fastlane/lib/fastlane/cli_tools_distributor.rb:122:in `take_off&apos;&#10;/opt/homebrew/Cellar/fastlane/2.205.2/libexec/gems/fastlane-2.205.2/bin/fastlane:23:in `&lt;top (required)&gt;&apos;&#10;/opt/homebrew/Cellar/fastlane/2.205.2/libexec/bin/fastlane:25:in `load&apos;&#10;/opt/homebrew/Cellar/fastlane/2.205.2/libexec/bin/fastlane:25:in `&lt;main&gt;&apos;&#10;&#10;Exit status of command &apos;/Users/nikolai/Projects/IHavePaws/gradlew clean bundleRelease -p .&apos; was 1 instead of 0.&#10;Starting a Gradle Daemon (subsequent builds will be faster)&#10;&#10;&gt; Configure project :shared&#10;Kotlin Multiplatform Projects are an Alpha feature. See: https://kotlinlang.org/docs/reference/evolution/components-stability.html. To hide this message, add &apos;kotlin.mpp.stability.nowarn=true&apos; to the Gradle properties.&#10;&#10;&#10;The following Kotlin source sets were configured but not added to any Kotlin compilation:&#10; * androidAndroidTestRelease&#10; * androidTestFixtures&#10; * androidTestFixturesDebug&#10; * androidTestFixturesRelease&#10;You can add a source set to a target&apos;s compilation by connecting it with the compilation&apos;s default source set using &apos;dependsOn&apos;.&#10;See https://kotlinlang.org/docs/reference/building-mpp-with-gradle.html#connecting-source-sets&#10;&#10;&gt; Task :androidHavePawsApp:clean&#10;&gt; Task :androidHavePawsApp:preBuild UP-TO-DATE&#10;&gt; Task :androidHavePawsApp:preReleaseBuild UP-TO-DATE&#10;&gt; Task :shared:preBuild UP-TO-DATE&#10;&gt; Task :shared:preReleaseBuild UP-TO-DATE&#10;&gt; Task :shared:packageReleaseRenderscript NO-SOURCE&#10;&gt; Task :androidHavePawsApp:compileReleaseRenderscript NO-SOURCE&#10;&gt; Task :androidHavePawsApp:generateReleaseResValues&#10;&gt; Task :androidHavePawsApp:generateReleaseResources&#10;&gt; Task :shared:compileReleaseRenderscript NO-SOURCE&#10;&gt; Task :shared:generateReleaseResValues UP-TO-DATE&#10;&gt; Task :shared:generateReleaseResources UP-TO-DATE&#10;&gt; Task :shared:packageReleaseResources UP-TO-DATE&#10;&gt; Task :androidHavePawsApp:createReleaseCompatibleScreenManifests&#10;&gt; Task :androidHavePawsApp:extractDeepLinksRelease&#10;&gt; Task :shared:extractDeepLinksRelease UP-TO-DATE&#10;&gt; Task :shared:processReleaseManifest UP-TO-DATE&#10;&gt; Task :androidHavePawsApp:processReleaseMainManifest&#10;&gt; Task :androidHavePawsApp:processReleaseManifest&#10;&gt; Task :androidHavePawsApp:processApplicationManifestReleaseForBundle&#10;&gt; Task :shared:compileReleaseLibraryResources UP-TO-DATE&#10;&gt; Task :shared:compileReleaseAidl NO-SOURCE&#10;&gt; Task :androidHavePawsApp:mergeReleaseResources&#10;&gt; Task :shared:generateCommonCommonMainGroupsDatabaseInterface NO-SOURCE&#10;&gt; Task :shared:generateCommonMainGroupsDatabaseInterface UP-TO-DATE&#10;&gt; Task :shared:generateReleaseBuildConfig UP-TO-DATE&#10;&gt; Task :shared:parseReleaseLocalResources UP-TO-DATE&#10;&gt; Task :shared:generateReleaseRFile UP-TO-DATE&#10;&gt; Task :shared:compileReleaseKotlinAndroid UP-TO-DATE&#10;&gt; Task :shared:javaPreCompileRelease UP-TO-DATE&#10;&gt; Task :shared:compileReleaseJavaWithJavac UP-TO-DATE&#10;&gt; Task :shared:bundleLibRuntimeToDirRelease UP-TO-DATE&#10;&gt; Task :androidHavePawsApp:buildKotlinToolingMetadata&#10;&gt; Task :androidHavePawsApp:compileReleaseAidl NO-SOURCE&#10;&gt; Task :androidHavePawsApp:generateReleaseBuildConfig&#10;&gt; Task :shared:writeReleaseAarMetadata UP-TO-DATE&#10;&gt; Task :androidHavePawsApp:bundleReleaseResources&#10;&gt; Task :shared:bundleLibCompileToJarRelease UP-TO-DATE&#10;&gt; Task :androidHavePawsApp:checkReleaseDuplicateClasses&#10;&gt; Task :shared:processReleaseJavaRes NO-SOURCE&#10;&gt; Task :androidHavePawsApp:checkReleaseAarMetadata&#10;&gt; Task :shared:bundleLibResRelease UP-TO-DATE&#10;&gt; Task :shared:bundleLibRuntimeToJarRelease UP-TO-DATE&#10;&gt; Task :shared:createFullJarRelease UP-TO-DATE&#10;&gt; Task :androidHavePawsApp:javaPreCompileRelease&#10;&gt; Task :androidHavePawsApp:desugarReleaseFileDependencies&#10;&gt; Task :androidHavePawsApp:mergeReleaseShaders&#10;&gt; Task :androidHavePawsApp:compileReleaseShaders NO-SOURCE&#10;&gt; Task :androidHavePawsApp:generateReleaseAssets UP-TO-DATE&#10;&gt; Task :shared:mergeReleaseShaders UP-TO-DATE&#10;&gt; Task :shared:compileReleaseShaders NO-SOURCE&#10;&gt; Task :shared:generateReleaseAssets UP-TO-DATE&#10;&gt; Task :shared:packageReleaseAssets UP-TO-DATE&#10;&gt; Task :androidHavePawsApp:mergeReleaseAssets&#10;&gt; Task :androidHavePawsApp:processReleaseJavaRes NO-SOURCE&#10;&gt; Task :androidHavePawsApp:mergeReleaseJniLibFolders&#10;&gt; Task :shared:mergeReleaseJniLibFolders UP-TO-DATE&#10;&gt; Task :shared:mergeReleaseNativeLibs NO-SOURCE&#10;&gt; Task :shared:copyReleaseJniLibsProjectOnly UP-TO-DATE&#10;&gt; Task :shared:prepareReleaseArtProfile UP-TO-DATE&#10;&gt; Task :androidHavePawsApp:collectReleaseDependencies&#10;&gt; Task :androidHavePawsApp:configureReleaseDependencies&#10;&gt; Task :androidHavePawsApp:parseReleaseIntegrityConfig UP-TO-DATE&#10;&gt; Task :androidHavePawsApp:writeReleaseAppMetadata&#10;&gt; Task :androidHavePawsApp:validateSigningRelease&#10;&gt; Task :androidHavePawsApp:mergeReleaseNativeLibs&#10;&gt; Task :androidHavePawsApp:stripReleaseDebugSymbols&#10;&gt; Task :androidHavePawsApp:processReleaseManifestForPackage&#10;&gt; Task :androidHavePawsApp:extractReleaseNativeSymbolTables&#10;&gt; Task :androidHavePawsApp:mergeReleaseArtProfile&#10;&gt; Task :androidHavePawsApp:processReleaseResources&#10;&gt; Task :androidHavePawsApp:kaptGenerateStubsReleaseKotlin&#10;&gt; Task :androidHavePawsApp:mergeExtDexRelease&#10;&gt; Task :androidHavePawsApp:kaptReleaseKotlin&#10;&#10;&gt; Task :androidHavePawsApp:compileReleaseKotlin&#10;w: /Users/nikolai/Projects/IHavePaws/androidHavePawsApp/src/main/java/com/nikolai/ihavepaws/android/features/groupsScreen/view/GroupsScreenView.kt: (38, 2): This class can only be used with the compiler argument &apos;-opt-in=kotlin.RequiresOptIn&apos;&#10;&#10;&gt; Task :androidHavePawsApp:compileReleaseJavaWithJavac&#10;&gt; Task :androidHavePawsApp:hiltAggregateDepsRelease&#10;&gt; Task :androidHavePawsApp:hiltJavaCompileRelease NO-SOURCE&#10;&gt; Task :androidHavePawsApp:transformReleaseClassesWithAsm&#10;&gt; Task :androidHavePawsApp:dexBuilderRelease&#10;&gt; Task :androidHavePawsApp:mergeReleaseJavaResource&#10;&gt; Task :androidHavePawsApp:mergeDexRelease&#10;&gt; Task :androidHavePawsApp:buildReleasePreBundle&#10;&gt; Task :androidHavePawsApp:compileReleaseArtProfile&#10;&gt; Task :androidHavePawsApp:packageReleaseBundle&#10;&gt; Task :androidHavePawsApp:signReleaseBundle FAILED&#10;&#10;FAILURE: Build failed with an exception.&#10;&#10;* What went wrong:&#10;Execution failed for task &apos;:androidHavePawsApp:signReleaseBundle&apos;.&#10;&gt; A failure occurred while executing com.android.build.gradle.internal.tasks.FinalizeBundleTask$BundleToolRunnable&#10;   &gt; Failed to read key key0 from store &quot;/Users/nikolai/Projects/IHavePaws/androidHavePawsApp/certs/PawsCertsStorage&quot;: keystore password was incorrect&#10;&#10;* Try:&#10;Run with --stacktrace option to get the stack trace. Run with --info or --debug option to get more log output. Run with --scan to get full insights.&#10;&#10;* Get more help at https://help.gradle.org&#10;&#10;Deprecated Gradle features were used in this build, making it incompatible with Gradle 8.0.&#10;&#10;You can use &apos;--warning-mode all&apos; to show the individual deprecation warnings and determine if they come from your own scripts or plugins.&#10;&#10;See https://docs.gradle.org/7.2/userguide/command_line_interface.html#sec:command_line_warnings&#10;&#10;BUILD FAILED in 1m 37s&#10;66 actionable tasks: 42 executed, 24 up-to-date&#10;" />
        
      </testcase>
    
  </testsuite>
</testsuites>
